Build started 2010-12-08 12:22:35 PM.
     1>Project "C:\Users\Seansuke\Saved Games\PC\irrlicht-1.7.1\projects\Fiction Legends Tenrai\2DGraphics.vcxproj" on node 2 (rebuild target(s)).
     1>_PrepareForClean:
         Deleting file ".\Release\Fiction Legends Tenrai.lastbuildstate".
       InitializeBuildStatus:
         Touching ".\Release\Fiction Legends Tenrai.unsuccessfulbuild".
       ClCompile:
         C:\Program Files (x86)\Microsoft Visual Studio 10.0\VC\bin\CL.exe /c /I..\..\include /Zi /nologo /W3 /WX- /O2 /Ob1 /Oy- /D WIN32 /D NDEBUG /D _CONSOLE /D _MBCS /GF /Gm- /EHsc /MT /GS /Gy /fp:precise /Zc:wchar_t /Zc:forScope /Fo".\Release/" /Fd".\Release/vc100.pdb" /Gd /TP /analyze- /errorReport:prompt main.cpp
         main.cpp
     1>C:\Program Files (x86)\MSBuild\Microsoft.Cpp\v4.0\Microsoft.CppBuild.targets(990,5): warning MSB8012: TargetPath(C:\Users\Seansuke\Saved Games\PC\irrlicht-1.7.1\projects\Fiction Legends Tenrai\.\Release\Fiction Legends Tenrai.exe) does not match the Linker's OutputFile property value (C:\Users\Seansuke\Saved Games\PC\irrlicht-1.7.1\bin\Win32-VisualStudio\Fiction Legends Tenrai.exe). This may cause your project to build incorrectly. To correct this, please make sure that $(OutDir), $(TargetName) and $(TargetExt) property values match the value specified in %(Link.OutputFile).
       Link:
         C:\Program Files (x86)\Microsoft Visual Studio 10.0\VC\bin\link.exe /ERRORREPORT:PROMPT /OUT:"..\..\bin\Win32-VisualStudio\Fiction Legends Tenrai.exe" /NOLOGO /LIBPATH:"..\..\lib\Win32-visualstudio" kernel32.lib user32.lib gdi32.lib winspool.lib comdlg32.lib advapi32.lib shell32.lib ole32.lib oleaut32.lib uuid.lib odbc32.lib odbccp32.lib /MANIFEST /ManifestFile:".\Release\Fiction Legends Tenrai.exe.intermediate.manifest" /MANIFESTUAC:"level='asInvoker' uiAccess='false'" /PDB:".\Release/Fiction Legends Tenrai.pdb" /SUBSYSTEM:CONSOLE /TLBID:1 /DYNAMICBASE /NXCOMPAT /IMPLIB:".\Release\Fiction Legends Tenrai.lib" /MACHINE:X86 .\Release/main.obj
         2DGraphics.vcxproj -> C:\Users\Seansuke\Saved Games\PC\irrlicht-1.7.1\projects\Fiction Legends Tenrai\.\Release\Fiction Legends Tenrai.exe
       Manifest:
         C:\Program Files (x86)\Microsoft SDKs\Windows\v7.0A\bin\mt.exe /nologo /verbose /outputresource:"..\..\bin\Win32-VisualStudio\Fiction Legends Tenrai.exe;#1" /manifest ".\Release\Fiction Legends Tenrai.exe.intermediate.manifest"
       FinalizeBuildStatus:
         Deleting file ".\Release\Fiction Legends Tenrai.unsuccessfulbuild".
         Touching ".\Release\Fiction Legends Tenrai.lastbuildstate".
     1>Done Building Project "C:\Users\Seansuke\Saved Games\PC\irrlicht-1.7.1\projects\Fiction Legends Tenrai\2DGraphics.vcxproj" (rebuild target(s)).

Build succeeded.

Time Elapsed 00:00:05.03
